<?xml version="1.0" encoding="UTF-8"?>
<testsuite xmlns:xsi="http://www.w3.org/2001/XMLSchema-instance" xsi:schemaLocation="https://maven.apache.org/surefire/maven-surefire-plugin/xsd/surefire-test-report.xsd" name="com.atex.features.article.ArticleTest" time="108.574" tests="1" errors="1" skipped="0" failures="0">
  <properties>
[...]
</properties>
  <testcase name="createNewArticle" classname="com.atex.features.article.ArticleTest" time="108.574">
    <error message="Expected condition failed: waiting for ArticlePage.articleName to be displayed (tried for 15 second(s) with 100 milliseconds interval)&#10;Build info: version: &apos;3.141.59&apos;, revision: &apos;e82be7d358&apos;, time: &apos;2018-11-14T08:17:03&apos;&#10;System info: host: &apos;CRKRL-MUHAMSHA1&apos;, ip: &apos;172.27.249.239&apos;, os.name: &apos;Windows 10&apos;, os.arch: &apos;amd64&apos;, os.version: &apos;10.0&apos;, java.version: &apos;14.0.1&apos;&#10;Driver info: driver.version: unknown&#10;Build info: version: &apos;3.141.59&apos;, revision: &apos;e82be7d358&apos;, time: &apos;2018-11-14T08:17:03&apos;&#10;System info: host: &apos;CRKRL-MUHAMSHA1&apos;, ip: &apos;172.27.249.239&apos;, os.name: &apos;Windows 10&apos;, os.arch: &apos;amd64&apos;, os.version: &apos;10.0&apos;, java.version: &apos;14.0.1&apos;&#10;Driver info: driver.version: unknown" type="org.openqa.selenium.TimeoutException">org.openqa.selenium.TimeoutException: 
Expected condition failed: waiting for ArticlePage.articleName to be displayed (tried for 15 second(s) with 100 milliseconds interval)
Build info: version: '3.141.59', revision: 'e82be7d358', time: '2018-11-14T08:17:03'
System info: host: 'CRKRL-MUHAMSHA1', ip: '172.27.249.239', os.name: 'Windows 10', os.arch: 'amd64', os.version: '10.0', java.version: '14.0.1'
Driver info: driver.version: unknown
Build info: version: '3.141.59', revision: 'e82be7d358', time: '2018-11-14T08:17:03'
System info: host: 'CRKRL-MUHAMSHA1', ip: '172.27.249.239', os.name: 'Windows 10', os.arch: 'amd64', os.version: '10.0', java.version: '14.0.1'
Driver info: driver.version: unknown
	at com.atex.features.article.ArticleTest.createNewArticle(ArticleTest.java:45)
</error>
    <system-err><![CDATA[[pool-1-thread-2] ERROR net.thucydides.core.steps.StepEventBus - Could not instantiate listener 
java.util.ServiceConfigurationError: net.thucydides.core.steps.StepListener: Provider net.serenitybdd.plugins.jira.JiraStepListener could not be instantiated
	at java.base/java.util.ServiceLoader.fail(ServiceLoader.java:584)
	at java.base/java.util.ServiceLoader$ProviderImpl.newInstance(ServiceLoader.java:806)
	at java.base/java.util.ServiceLoader$ProviderImpl.get(ServiceLoader.java:724)
	at java.base/java.util.ServiceLoader$3.next(ServiceLoader.java:1396)
	at net.thucydides.core.steps.StepEventBus.getCustomListeners(StepEventBus.java:207)
	at net.thucydides.core.steps.StepEventBus.getAllListeners(StepEventBus.java:192)
	at net.thucydides.core.steps.StepEventBus.testSuiteStarted(StepEventBus.java:229)
	at net.thucydides.junit.listeners.JUnitStepListener.startTestSuiteForFirstTest(JUnitStepListener.java:90)
	at net.thucydides.junit.listeners.JUnitStepListener.testStarted(JUnitStepListener.java:78)
	at org.junit.runner.notification.SynchronizedRunListener.testStarted(SynchronizedRunListener.java:49)
	at org.junit.runner.notification.RunNotifier$3.notifyListener(RunNotifier.java:121)
	at org.junit.runner.notification.RunNotifier$SafeNotifier.run(RunNotifier.java:72)
	at org.junit.runner.notification.RunNotifier.fireTestStarted(RunNotifier.java:118)
	at org.apache.maven.surefire.common.junit4.Notifier.fireTestStarted(Notifier.java:100)
	at org.junit.internal.runners.model.EachTestNotifier.fireTestStarted(EachTestNotifier.java:42)
	at org.junit.runners.ParentRunner.runLeaf(ParentRunner.java:323)
	at org.junit.runners.BlockJUnit4ClassRunner.runChild(BlockJUnit4ClassRunner.java:78)
	at net.serenitybdd.junit.runners.SerenityRunner.performRunChild(SerenityRunner.java:464)
	at net.serenitybdd.junit.runners.SerenityRunner.runChild(SerenityRunner.java:438)
	at net.serenitybdd.junit.runners.SerenityRunner.runChild(SerenityRunner.java:45)
	at org.junit.runners.ParentRunner$3.run(ParentRunner.java:290)
	at org.apache.maven.surefire.junitcore.pc.Scheduler$1.run(Scheduler.java:393)
	at org.apache.maven.surefire.junitcore.pc.InvokerStrategy.schedule(InvokerStrategy.java:54)
	at org.apache.maven.surefire.junitcore.pc.Scheduler.schedule(Scheduler.java:352)
	at org.junit.runners.ParentRunner.runChildren(ParentRunner.java:288)
	at org.junit.runners.ParentRunner.access$000(ParentRunner.java:58)
	at org.junit.runners.ParentRunner$2.evaluate(ParentRunner.java:268)
	at org.junit.runners.ParentRunner.run(ParentRunner.java:363)
	at net.serenitybdd.junit.runners.SerenityRunner.run(SerenityRunner.java:242)
	at org.junit.runners.Suite.runChild(Suite.java:128)
	at org.junit.runners.Suite.runChild(Suite.java:27)
	at org.junit.runners.ParentRunner$3.run(ParentRunner.java:290)
	at org.apache.maven.surefire.junitcore.pc.Scheduler$1.run(Scheduler.java:393)
	at java.base/java.util.concurrent.Executors$RunnableAdapter.call(Executors.java:515)
	at java.base/java.util.concurrent.FutureTask.run(FutureTask.java:264)
	at java.base/java.util.concurrent.ThreadPoolExecutor.runWorker(ThreadPoolExecutor.java:1130)
	at java.base/java.util.concurrent.ThreadPoolExecutor$Worker.run(ThreadPoolExecutor.java:630)
	at java.base/java.lang.Thread.run(Thread.java:832)
Caused by: java.lang.NoClassDefFoundError: Could not initialize class net.serenitybdd.plugins.jira.workflow.ClasspathWorkflowLoader
	at net.serenitybdd.plugins.jira.workflow.ClasspathWorkflowLoader$$FastClassByGuice$$72b186d0.newInstance(<generated>)
	at com.google.inject.internal.DefaultConstructionProxyFactory$FastClassProxy.newInstance(DefaultConstructionProxyFactory.java:89)
	at com.google.inject.internal.ConstructorInjector.provision(ConstructorInjector.java:114)
	at com.google.inject.internal.ConstructorInjector.construct(ConstructorInjector.java:91)
	at com.google.inject.internal.ConstructorBindingImpl$Factory.get(ConstructorBindingImpl.java:306)
	at com.google.inject.internal.FactoryProxy.get(FactoryProxy.java:62)
	at com.google.inject.internal.InjectorImpl$1.get(InjectorImpl.java:1050)
	at com.google.inject.internal.InjectorImpl.getInstance(InjectorImpl.java:1086)
	at net.serenitybdd.plugins.jira.JiraStepListener.<init>(JiraStepListener.java:53)
	at java.base/jdk.internal.reflect.NativeConstructorAccessorImpl.newInstance0(Native Method)
	at java.base/jdk.internal.reflect.NativeConstructorAccessorImpl.newInstance(NativeConstructorAccessorImpl.java:62)
	at java.base/jdk.internal.reflect.DelegatingConstructorAccessorImpl.newInstance(DelegatingConstructorAccessorImpl.java:45)
	at java.base/java.lang.reflect.Constructor.newInstanceWithCaller(Constructor.java:500)
	at java.base/java.lang.reflect.Constructor.newInstance(Constructor.java:481)
	at java.base/java.util.ServiceLoader$ProviderImpl.newInstance(ServiceLoader.java:782)
	... 36 more
Jul 21, 2020 7:02:24 PM org.openqa.selenium.remote.DesiredCapabilities firefox
INFO: Using `new FirefoxOptions()` is preferred to `DesiredCapabilities.firefox()`
Jul 21, 2020 7:02:24 PM org.openqa.selenium.remote.DesiredCapabilities firefox
INFO: Using `new FirefoxOptions()` is preferred to `DesiredCapabilities.firefox()`
[pool-1-thread-2] INFO net.serenitybdd.core.webdriver.driverproviders.ProvideNewDriver - Instantiating driver
[pool-1-thread-2] INFO net.serenitybdd.core.webdriver.driverproviders.ProvideNewDriver - Driver capabilities: Capabilities {acceptInsecureCerts: true, browserName: firefox, firefox_profile: org.openqa.selenium.firefox..., headless: false, loggingPrefs: org.openqa.selenium.logging..., marionette: true, moz:firefoxOptions: {}, platform: ANY, version: }
1595340149051	mozrunner::runner	INFO	Running command: "C:\\Program Files\\Mozilla Firefox\\firefox.exe" "-marionette" "-foreground" "-no-remote" "-profile" "C:\\Users\\SMUHAM~1\\AppData\\Local\\Temp\\rust_mozprofilebRj6Dk"JavaScript error: resource://gre/modules/XULStore.jsm, line 66: Error: Can't find profile directory.1595340159630	Marionette	INFO	Listening on port 495121595340159722	Marionette	WARN	TLS certificate errors will be ignored for this sessionJul 21, 2020 7:02:39 PM org.openqa.selenium.remote.ProtocolHandshake createSession
INFO: Detected dialect: W3C
JavaScript error: resource://gre/modules/URIFixup.jsm, line 281: NS_ERROR_FAILURE: Should pass a non-null uriJavaScript warning: http://10.102.10.226:8080/desk/webjars/toastr/2.0.1/toastr.min.js, line 2: Using //@ to indicate sourceMappingURL pragmas is deprecated. Use //# insteadJavaScript warning: http://10.102.10.226:8080/desk/webjars/toastr/2.0.1/toastr.min.js, line 2: Using //@ to indicate sourceMappingURL pragmas is deprecated. Use //# insteadJavaScript warning: http://10.102.10.226:8080/desk/atex/onecms-lib/4.2.2/onecms-lib-ui-framework-angular-4.2.2-min.js, line 137: Using //@ to indicate sourceURL pragmas is deprecated. Use //# insteadJavaScript warning: http://10.102.10.226:8080/desk/atex/onecms-lib/4.2.2/onecms-lib-ui-framework-angular-4.2.2-min.js, line 101: Using //@ to indicate sourceURL pragmas is deprecated. Use //# instead1595340210116	Marionette	WARN	TimedPromise timed out after 500 ms: stacktrace:TimedPromise/<@chrome://marionette/content/sync.js:245:13TimedPromise@chrome://marionette/content/sync.js:230:10interaction.flushEventLoop@chrome://marionette/content/interaction.js:416:10webdriverClickElement@chrome://marionette/content/interaction.js:182:311595340212710	Marionette	WARN	TimedPromise timed out after 500 ms: stacktrace:TimedPromise/<@chrome://marionette/content/sync.js:245:13TimedPromise@chrome://marionette/content/sync.js:230:10interaction.flushEventLoop@chrome://marionette/content/interaction.js:416:10webdriverClickElement@chrome://marionette/content/interaction.js:182:31JavaScript warning: http://10.102.10.226:8080/act/webjars/toastr/2.0.1/toastr.min.js, line 2: Using //@ to indicate sourceMappingURL pragmas is deprecated. Use //# insteadJavaScript warning: http://10.102.10.226:8080/act/atex/onecms-lib/4.2.2/onecms-lib-ui-framework-angular-4.2.2-min.js, line 52: Using //@ to indicate sourceURL pragmas is deprecated. Use //# insteadJavaScript warning: http://10.102.10.226:8080/act/atex/onecms-lib/4.2.2/onecms-lib-ui-framework-angular-4.2.2-min.js, line 127: Using //@ to indicate sourceURL pragmas is deprecated. Use //# insteadJavaScript warning: http://10.102.10.226:8080/act/atex/onecms-lib/4.2.2/onecms-lib-ui-framework-angular-4.2.2-min.js, line 52: Using //@ to indicate sourceURL pragmas is deprecated. Use //# insteadJavaScript warning: http://10.102.10.226:8080/act/atex/onecms-lib/4.2.2/onecms-lib-ui-framework-angular-4.2.2-min.js, line 826: Using //@ to indicate sourceURL pragmas is deprecated. Use //# insteadJavaScript warning: http://10.102.10.226:8080/act/atex/onecms-lib/4.2.2/onecms-lib-ui-framework-angular-4.2.2-min.js, line 214: Using //@ to indicate sourceURL pragmas is deprecated. Use //# insteadJavaScript warning: http://10.102.10.226:8080/act/atex/onecms-lib/4.2.2/onecms-lib-ui-framework-angular-4.2.2-min.js, line 50: Using //@ to indicate sourceURL pragmas is deprecated. Use //# insteadJavaScript warning: http://10.102.10.226:8080/act/atex/onecms-lib/4.2.2/onecms-lib-ui-framework-angular-4.2.2-min.js, line 117: Using //@ to indicate sourceURL pragmas is deprecated. Use //# insteadJavaScript warning: http://10.102.10.226:8080/act/atex/onecms-lib/4.2.2/onecms-lib-ui-framework-angular-4.2.2-min.js, line 252: Using //@ to indicate sourceURL pragmas is deprecated. Use //# insteadJavaScript warning: http://10.102.10.226:8080/act/atex/onecms-lib/4.2.2/onecms-lib-ui-framework-angular-4.2.2-min.js, line 530: Using //@ to indicate sourceURL pragmas is deprecated. Use //# insteadJavaScript warning: http://10.102.10.226:8080/act/atex/onecms-lib/4.2.2/onecms-lib-ui-framework-angular-4.2.2-min.js, line 896: Using //@ to indicate sourceURL pragmas is deprecated. Use //# insteadJavaScript warning: http://10.102.10.226:8080/act/atex/onecms-lib/4.2.2/onecms-lib-ui-framework-angular-4.2.2-min.js, line 1170: Using //@ to indicate sourceURL pragmas is deprecated. Use //# insteadJavaScript warning: http://10.102.10.226:8080/act/atex/onecms-lib/4.2.2/onecms-lib-ui-framework-angular-4.2.2-min.js, line 454: Using //@ to indicate sourceURL pragmas is deprecated. Use //# insteadJavaScript warning: http://10.102.10.226:8080/act/atex/onecms-lib/4.2.2/onecms-lib-ui-framework-angular-4.2.2-min.js, line 251: Using //@ to indicate sourceURL pragmas is deprecated. Use //# insteadJavaScript warning: http://10.102.10.226:8080/act/atex/onecms-lib/4.2.2/onecms-lib-ui-framework-angular-4.2.2-min.js, line 241: Using //@ to indicate sourceURL pragmas is deprecated. Use //# insteadJavaScript warning: http://10.102.10.226:8080/act/atex/onecms-lib/4.2.2/onecms-lib-ui-framework-angular-4.2.2-min.js, line 1054: Using //@ to indicate sourceURL pragmas is deprecated. Use //# insteadJavaScript warning: http://10.102.10.226:8080/act/atex/onecms-lib/4.2.2/onecms-lib-ui-framework-angular-4.2.2-min.js, line 344: Using //@ to indicate sourceURL pragmas is deprecated. Use //# insteadJavaScript warning: http://10.102.10.226:8080/act/atex/onecms-lib/4.2.2/onecms-lib-ui-framework-angular-4.2.2-min.js, line 70: Using //@ to indicate sourceURL pragmas is deprecated. Use //# insteadJavaScript warning: http://10.102.10.226:8080/act/atex/onecms-lib/4.2.2/onecms-lib-ui-framework-angular-4.2.2-min.js, line 489: Using //@ to indicate sourceURL pragmas is deprecated. Use //# insteadJavaScript warning: http://10.102.10.226:8080/act/atex/onecms-lib/4.2.2/onecms-lib-ui-framework-angular-4.2.2-min.js, line 555: Using //@ to indicate sourceURL pragmas is deprecated. Use //# insteadJavaScript warning: http://10.102.10.226:8080/act/atex/onecms-lib/4.2.2/onecms-lib-ui-framework-angular-4.2.2-min.js, line 57: Using //@ to indicate sourceURL pragmas is deprecated. Use //# insteadJavaScript warning: http://10.102.10.226:8080/act/atex/onecms-lib/4.2.2/onecms-lib-ui-framework-angular-4.2.2-min.js, line 463: Using //@ to indicate sourceURL pragmas is deprecated. Use //# insteadJavaScript warning: http://10.102.10.226:8080/act/atex/onecms-lib/4.2.2/onecms-lib-ui-framework-angular-4.2.2-min.js, line 226: Using //@ to indicate sourceURL pragmas is deprecated. Use //# insteadJavaScript warning: http://10.102.10.226:8080/act/atex/onecms-lib/4.2.2/onecms-lib-ui-framework-angular-4.2.2-min.js, line 297: Using //@ to indicate sourceURL pragmas is deprecated. Use //# insteadJavaScript warning: http://10.102.10.226:8080/act/atex/onecms-lib/4.2.2/onecms-lib-ui-framework-angular-4.2.2-min.js, line 120: Using //@ to indicate sourceURL pragmas is deprecated. Use //# insteadJavaScript warning: http://10.102.10.226:8080/act/atex/onecms-lib/4.2.2/onecms-lib-ui-framework-angular-4.2.2-min.js, line 3007: Using //@ to indicate sourceURL pragmas is deprecated. Use //# instead1595340251718	Marionette	INFO	Stopped listening on port 49512###!!! [Child][RunMessage] Error: Channel closing: too late to send/recv, messages will be lost###!!! [Child][MessageChannel::SendAndWait] Error: Channel error: cannot send/recv]]></system-err>
  </testcase>
</testsuite>