<?xml version="1.0" encoding="UTF-8"?><testsuite errors="0" failures="0" name="com.atex.features.author_login.LoginVerificationTest" skipped="3" tests="5" time="66.12" timestamp="2020-07-21 07:02:20"><testcase classname="com.atex.features.author_login.LoginVerificationTest" name="Verify unable to login"/><testcase classname="com.atex.features.author_login.LoginVerificationTest" name="Verify login into site"/><testcase classname="com.atex.features.author_login.LoginVerificationTest" name="Test1"><skipped/></testcase><testcase classname="com.atex.features.author_login.LoginVerificationTest" name="Test2"><skipped/></testcase><testcase classname="com.atex.features.author_login.LoginVerificationTest" name="Verify login page is appearing"><skipped/></testcase></testsuite>