<?xml version="1.0" encoding="UTF-8"?><testsuite errors="0" failures="0" name="com.atex.test.features.userLoginTest" skipped="3" tests="4" time="32.54" timestamp="2020-06-02 10:57:47"><testcase classname="com.atex.test.features.userLoginTest" name="Verify login into site"/><testcase classname="com.atex.test.features.userLoginTest" name="Test1"><skipped/></testcase><testcase classname="com.atex.test.features.userLoginTest" name="Test2"><skipped/></testcase><testcase classname="com.atex.test.features.userLoginTest" name="Verify login page is appearing"><skipped/></testcase></testsuite>