<?xml version="1.0" encoding="UTF-8"?><testsuite errors="1" failures="0" name="com.atex.features.maximize_Screen.MaximizeScreenTest" skipped="0" tests="1" time="90.9" timestamp="2020-09-24 11:30:15"><testcase classname="com.atex.features.maximize_Screen.MaximizeScreenTest" name="Maximize screen"><error message="Element &lt;i class=&quot;fa fa-arrows-alt fa-inverse&quot;&gt; is not clickable at point (1198,25) because another element &lt;div class=&quot;modal-backdrop  in&quot;&gt; obscures it&#10;Build info: version: '3.141.59', revision: 'e82be7d358', time: '2018-11-14T08:17:03'&#10;System info: host: 'CRKRL-MUHAMSHA1', ip: '172.27.251.120', os.name: 'Windows 10', os.arch: 'amd64', os.version: '10.0', java.version: '14.0.1'&#10;Driver info: org.openqa.selenium.firefox.FirefoxDriver&#10;Capabilities {acceptInsecureCerts: true, browserName: firefox, browserVersion: 78.0.1, javascriptEnabled: true, moz:accessibilityChecks: false, moz:buildID: 20200630195452, moz:geckodriverVersion: 0.26.0, moz:headless: false, moz:processID: 1028, moz:profile: C:\Users\smuhammad\AppData\..., moz:shutdownTimeout: 60000, moz:useNonSpecCompliantPointerOrigin: false, moz:webdriverClick: true, pageLoadStrategy: normal, platform: WINDOWS, platformName: WINDOWS, platformVersion: 10.0, rotatable: false, setWindowRect: true, strictFileInteractability: false, timeouts: {implicit: 0, pageLoad: 300000, script: 30000}, unhandledPromptBehavior: dismiss and notify}&#10;Session ID: 7307b765-0744-477f-8cd3-4d1c503b1b59" type="org.openqa.selenium.ElementClickInterceptedException">Element &lt;i class="fa fa-arrows-alt fa-inverse"&gt; is not clickable at point (1198,25) because another element &lt;div class="modal-backdrop  in"&gt; obscures it
Build info: version: '3.141.59', revision: 'e82be7d358', time: '2018-11-14T08:17:03'
System info: host: 'CRKRL-MUHAMSHA1', ip: '172.27.251.120', os.name: 'Windows 10', os.arch: 'amd64', os.version: '10.0', java.version: '14.0.1'
Driver info: org.openqa.selenium.firefox.FirefoxDriver
Capabilities {acceptInsecureCerts: true, browserName: firefox, browserVersion: 78.0.1, javascriptEnabled: true, moz:accessibilityChecks: false, moz:buildID: 20200630195452, moz:geckodriverVersion: 0.26.0, moz:headless: false, moz:processID: 1028, moz:profile: C:\Users\smuhammad\AppData\..., moz:shutdownTimeout: 60000, moz:useNonSpecCompliantPointerOrigin: false, moz:webdriverClick: true, pageLoadStrategy: normal, platform: WINDOWS, platformName: WINDOWS, platformVersion: 10.0, rotatable: false, setWindowRect: true, strictFileInteractability: false, timeouts: {implicit: 0, pageLoad: 300000, script: 30000}, unhandledPromptBehavior: dismiss and notify}
Session ID: 7307b765-0744-477f-8cd3-4d1c503b1b59</error><system-err>Element &lt;i class="fa fa-arrows-alt fa-inverse"&gt; is not clickable at point (1198,25) because another element &lt;div class="modal-backdrop  in"&gt; obscures it
Build info: version: '3.141.59', revision: 'e82be7d358', time: '2018-11-14T08:17:03'
System info: host: 'CRKRL-MUHAMSHA1', ip: '172.27.251.120', os.name: 'Windows 10', os.arch: 'amd64', os.version: '10.0', java.version: '14.0.1'
Driver info: org.openqa.selenium.firefox.FirefoxDriver
Capabilities {acceptInsecureCerts: true, browserName: firefox, browserVersion: 78.0.1, javascriptEnabled: true, moz:accessibilityChecks: false, moz:buildID: 20200630195452, moz:geckodriverVersion: 0.26.0, moz:headless: false, moz:processID: 1028, moz:profile: C:\Users\smuhammad\AppData\..., moz:shutdownTimeout: 60000, moz:useNonSpecCompliantPointerOrigin: false, moz:webdriverClick: true, pageLoadStrategy: normal, platform: WINDOWS, platformName: WINDOWS, platformVersion: 10.0, rotatable: false, setWindowRect: true, strictFileInteractability: false, timeouts: {implicit: 0, pageLoad: 300000, script: 30000}, unhandledPromptBehavior: dismiss and notify}
Session ID: 7307b765-0744-477f-8cd3-4d1c503b1b59&#13;
com.atex.pages.login.DeskHomePage.clickOnMaximizePage(DeskHomePage.java:108)&#13;
com.atex.steps.maximize_Screen_steps.MaximizeScreenSteps.clickOnMaximizeScreenOption(MaximizeScreenSteps.java:26)&#13;
com.atex.features.maximize_Screen.MaximizeScreenTest.maximizeScreen(MaximizeScreenTest.java:39)&#13;
</system-err></testcase></testsuite>