<?xml version="1.0" encoding="UTF-8"?><testsuite errors="1" failures="0" name="com.atex.features.maximize_Screen.MaximizeScreen" skipped="0" tests="1" time="0.0" timestamp="2020-09-24 11:06:35"><testcase classname="com.atex.features.maximize_Screen.MaximizeScreen" name="Initialisation"><error message="A recursive or cyclic reference was detected for the @Steps-annotated field userLoginSteps in class com.atex.steps.login_steps.UserLoginSteps. You may need to use @Steps(shared=true) to ensure that the same step library instance is used everywhere." type="net.thucydides.core.steps.RecursiveOrCyclicStepLibraryReferenceException">A recursive or cyclic reference was detected for the @Steps-annotated field userLoginSteps in class com.atex.steps.login_steps.UserLoginSteps. You may need to use @Steps(shared=true) to ensure that the same step library instance is used everywhere.</error><system-err>A recursive or cyclic reference was detected for the @Steps-annotated field userLoginSteps in class com.atex.steps.login_steps.UserLoginSteps. You may need to use @Steps(shared=true) to ensure that the same step library instance is used everywhere.&#13;
</system-err></testcase></testsuite>