<?xml version="1.0" encoding="UTF-8"?><testsuite errors="1" failures="0" name="com.atex.features.UserDD.notification.NotificationTest" skipped="0" tests="1" time="85.06" timestamp="2020-09-24 10:45:23"><testcase classname="com.atex.features.UserDD.notification.NotificationTest" name="Check notification"><error message="Element &lt;a class=&quot;dropdown-toggle ng-binding&quot;&gt; is not clickable at point (1012,25) because another element &lt;div class=&quot;modal-backdrop  in&quot;&gt; obscures it&#10;Build info: version: '3.141.59', revision: 'e82be7d358', time: '2018-11-14T08:17:03'&#10;System info: host: 'CRKRL-MUHAMSHA1', ip: '172.27.251.120', os.name: 'Windows 10', os.arch: 'amd64', os.version: '10.0', java.version: '14.0.1'&#10;Driver info: org.openqa.selenium.firefox.FirefoxDriver&#10;Capabilities {acceptInsecureCerts: true, browserName: firefox, browserVersion: 78.0.1, javascriptEnabled: true, moz:accessibilityChecks: false, moz:buildID: 20200630195452, moz:geckodriverVersion: 0.26.0, moz:headless: false, moz:processID: 15080, moz:profile: C:\Users\smuhammad\AppData\..., moz:shutdownTimeout: 60000, moz:useNonSpecCompliantPointerOrigin: false, moz:webdriverClick: true, pageLoadStrategy: normal, platform: WINDOWS, platformName: WINDOWS, platformVersion: 10.0, rotatable: false, setWindowRect: true, strictFileInteractability: false, timeouts: {implicit: 0, pageLoad: 300000, script: 30000}, unhandledPromptBehavior: dismiss and notify}&#10;Session ID: 44d82629-b5ec-40b0-b9e6-bdc8f0bda61b" type="org.openqa.selenium.ElementClickInterceptedException">Element &lt;a class="dropdown-toggle ng-binding"&gt; is not clickable at point (1012,25) because another element &lt;div class="modal-backdrop  in"&gt; obscures it
Build info: version: '3.141.59', revision: 'e82be7d358', time: '2018-11-14T08:17:03'
System info: host: 'CRKRL-MUHAMSHA1', ip: '172.27.251.120', os.name: 'Windows 10', os.arch: 'amd64', os.version: '10.0', java.version: '14.0.1'
Driver info: org.openqa.selenium.firefox.FirefoxDriver
Capabilities {acceptInsecureCerts: true, browserName: firefox, browserVersion: 78.0.1, javascriptEnabled: true, moz:accessibilityChecks: false, moz:buildID: 20200630195452, moz:geckodriverVersion: 0.26.0, moz:headless: false, moz:processID: 15080, moz:profile: C:\Users\smuhammad\AppData\..., moz:shutdownTimeout: 60000, moz:useNonSpecCompliantPointerOrigin: false, moz:webdriverClick: true, pageLoadStrategy: normal, platform: WINDOWS, platformName: WINDOWS, platformVersion: 10.0, rotatable: false, setWindowRect: true, strictFileInteractability: false, timeouts: {implicit: 0, pageLoad: 300000, script: 30000}, unhandledPromptBehavior: dismiss and notify}
Session ID: 44d82629-b5ec-40b0-b9e6-bdc8f0bda61b</error><system-err>Element &lt;a class="dropdown-toggle ng-binding"&gt; is not clickable at point (1012,25) because another element &lt;div class="modal-backdrop  in"&gt; obscures it
Build info: version: '3.141.59', revision: 'e82be7d358', time: '2018-11-14T08:17:03'
System info: host: 'CRKRL-MUHAMSHA1', ip: '172.27.251.120', os.name: 'Windows 10', os.arch: 'amd64', os.version: '10.0', java.version: '14.0.1'
Driver info: org.openqa.selenium.firefox.FirefoxDriver
Capabilities {acceptInsecureCerts: true, browserName: firefox, browserVersion: 78.0.1, javascriptEnabled: true, moz:accessibilityChecks: false, moz:buildID: 20200630195452, moz:geckodriverVersion: 0.26.0, moz:headless: false, moz:processID: 15080, moz:profile: C:\Users\smuhammad\AppData\..., moz:shutdownTimeout: 60000, moz:useNonSpecCompliantPointerOrigin: false, moz:webdriverClick: true, pageLoadStrategy: normal, platform: WINDOWS, platformName: WINDOWS, platformVersion: 10.0, rotatable: false, setWindowRect: true, strictFileInteractability: false, timeouts: {implicit: 0, pageLoad: 300000, script: 30000}, unhandledPromptBehavior: dismiss and notify}
Session ID: 44d82629-b5ec-40b0-b9e6-bdc8f0bda61b&#13;
com.atex.pages.login.DeskHomePage.clickOnUserDD(DeskHomePage.java:95)&#13;
com.atex.steps.userDDsteps.logout_steps.LogoutSteps.openUserDropdown(LogoutSteps.java:27)&#13;
com.atex.features.UserDD.notification.NotificationTest.checkNotification(NotificationTest.java:40)&#13;
</system-err></testcase></testsuite>