<?xml version="1.0" encoding="UTF-8"?><testsuite errors="1" failures="0" name="com.atex.features.article.ArticleTest" skipped="0" tests="1" time="60.75" timestamp="2020-07-16 02:53:57"><testcase classname="com.atex.features.article.ArticleTest" name="Create new article"><error message="Expected condition failed: waiting for ArticlePage.articleName to be displayed (tried for 15 second(s) with 100 milliseconds interval)&#10;Build info: version: '3.141.59', revision: 'e82be7d358', time: '2018-11-14T08:17:03'&#10;System info: host: 'CRKRL-MUHAMSHA1', ip: '172.27.249.233', os.name: 'Windows 10', os.arch: 'amd64', os.version: '10.0', java.version: '14.0.1'&#10;Driver info: driver.version: unknown" type="org.openqa.selenium.NoSuchElementException">Expected condition failed: waiting for ArticlePage.articleName to be displayed (tried for 15 second(s) with 100 milliseconds interval)
Build info: version: '3.141.59', revision: 'e82be7d358', time: '2018-11-14T08:17:03'
System info: host: 'CRKRL-MUHAMSHA1', ip: '172.27.249.233', os.name: 'Windows 10', os.arch: 'amd64', os.version: '10.0', java.version: '14.0.1'
Driver info: driver.version: unknown</error><system-err>Expected condition failed: waiting for ArticlePage.articleName to be displayed (tried for 15 second(s) with 100 milliseconds interval)
Build info: version: '3.141.59', revision: 'e82be7d358', time: '2018-11-14T08:17:03'
System info: host: 'CRKRL-MUHAMSHA1', ip: '172.27.249.233', os.name: 'Windows 10', os.arch: 'amd64', os.version: '10.0', java.version: '14.0.1'
Driver info: driver.version: unknown&#13;
com.atex.pages.create_new.article.ArticlePage.setArticleName(ArticlePage.java:47)&#13;
com.atex.steps.create_article_steps.CreateArticleSteps.clickOnArticleFieldName(CreateArticleSteps.java:34)&#13;
com.atex.features.article.ArticleTest.createNewArticle(ArticleTest.java:41)&#13;
</system-err></testcase></testsuite>