<?xml version="1.0" encoding="UTF-8"?><testsuite errors="1" failures="0" name="com.atex.features.article.ArticleTest" skipped="0" tests="1" time="39.89" timestamp="2020-09-15 11:10:49"><testcase classname="com.atex.features.article.ArticleTest" name="Create new article"><error message="element click intercepted: Element &lt;a class=&quot;dropdown-toggle&quot; data-toggle=&quot;dropdown&quot;&gt;...&lt;/a&gt; is not clickable at point (883, 25). Other element would receive the click: &lt;div class=&quot;modal-backdrop  in&quot;&gt;&lt;/div&gt;&#10;  (Session info: chrome=85.0.4183.102)&#10;Build info: version: '3.141.59', revision: 'e82be7d358', time: '2018-11-14T08:17:03'&#10;System info: host: 'CRKRL-MUHAMSHA1', ip: '172.27.251.100', os.name: 'Windows 10', os.arch: 'amd64', os.version: '10.0', java.version: '14.0.1'&#10;Driver info: org.openqa.selenium.chrome.ChromeDriver&#10;Capabilities {acceptInsecureCerts: false, browserName: chrome, browserVersion: 85.0.4183.102, chrome: {chromedriverVersion: 85.0.4183.87 (cd6713ebf92fa..., userDataDir: C:\Users\SMUHAM~1\AppData\L...}, goog:chromeOptions: {debuggerAddress: localhost:62484}, javascriptEnabled: true, networkConnectionEnabled: false, pageLoadStrategy: normal, platform: WINDOWS, platformName: WINDOWS, proxy: Proxy(), setWindowRect: true, strictFileInteractability: false, timeouts: {implicit: 0, pageLoad: 300000, script: 30000}, unhandledPromptBehavior: dismiss and notify, webauthn:virtualAuthenticators: true}&#10;Session ID: 35d40ff327ba8923659a1e50423e464d" type="org.openqa.selenium.ElementClickInterceptedException">element click intercepted: Element &lt;a class="dropdown-toggle" data-toggle="dropdown"&gt;...&lt;/a&gt; is not clickable at point (883, 25). Other element would receive the click: &lt;div class="modal-backdrop  in"&gt;&lt;/div&gt;
  (Session info: chrome=85.0.4183.102)
Build info: version: '3.141.59', revision: 'e82be7d358', time: '2018-11-14T08:17:03'
System info: host: 'CRKRL-MUHAMSHA1', ip: '172.27.251.100', os.name: 'Windows 10', os.arch: 'amd64', os.version: '10.0', java.version: '14.0.1'
Driver info: org.openqa.selenium.chrome.ChromeDriver
Capabilities {acceptInsecureCerts: false, browserName: chrome, browserVersion: 85.0.4183.102, chrome: {chromedriverVersion: 85.0.4183.87 (cd6713ebf92fa..., userDataDir: C:\Users\SMUHAM~1\AppData\L...}, goog:chromeOptions: {debuggerAddress: localhost:62484}, javascriptEnabled: true, networkConnectionEnabled: false, pageLoadStrategy: normal, platform: WINDOWS, platformName: WINDOWS, proxy: Proxy(), setWindowRect: true, strictFileInteractability: false, timeouts: {implicit: 0, pageLoad: 300000, script: 30000}, unhandledPromptBehavior: dismiss and notify, webauthn:virtualAuthenticators: true}
Session ID: 35d40ff327ba8923659a1e50423e464d</error><system-err>element click intercepted: Element &lt;a class="dropdown-toggle" data-toggle="dropdown"&gt;...&lt;/a&gt; is not clickable at point (883, 25). Other element would receive the click: &lt;div class="modal-backdrop  in"&gt;&lt;/div&gt;
  (Session info: chrome=85.0.4183.102)
Build info: version: '3.141.59', revision: 'e82be7d358', time: '2018-11-14T08:17:03'
System info: host: 'CRKRL-MUHAMSHA1', ip: '172.27.251.100', os.name: 'Windows 10', os.arch: 'amd64', os.version: '10.0', java.version: '14.0.1'
Driver info: org.openqa.selenium.chrome.ChromeDriver
Capabilities {acceptInsecureCerts: false, browserName: chrome, browserVersion: 85.0.4183.102, chrome: {chromedriverVersion: 85.0.4183.87 (cd6713ebf92fa..., userDataDir: C:\Users\SMUHAM~1\AppData\L...}, goog:chromeOptions: {debuggerAddress: localhost:62484}, javascriptEnabled: true, networkConnectionEnabled: false, pageLoadStrategy: normal, platform: WINDOWS, platformName: WINDOWS, proxy: Proxy(), setWindowRect: true, strictFileInteractability: false, timeouts: {implicit: 0, pageLoad: 300000, script: 30000}, unhandledPromptBehavior: dismiss and notify, webauthn:virtualAuthenticators: true}
Session ID: 35d40ff327ba8923659a1e50423e464d&#13;
com.atex.pages.create_new.article.ArticlePage.clickOnCreateNewDD(ArticlePage.java:46)&#13;
com.atex.steps.create_article_steps.CreateArticleSteps.navigateToCreateNew(CreateArticleSteps.java:28)&#13;
com.atex.features.article.ArticleTest.createNewArticle(ArticleTest.java:41)&#13;
</system-err></testcase></testsuite>